*** Using Compiler 'V6.14.1', folder: 'C:\user\app\keil\ARM\ARMCLANG\Bin'
Rebuild target 'empty_LP_MSPM0G3507_nortos_keil'
Before Build - User command #1: cmd.exe /C "c:\user\app\TI\mspm0_sdk_2_05_01_00\epro_v1.4\keil\../../tools/keil/syscfg.bat 'c:\user\app\TI\mspm0_sdk_2_05_01_00\epro_v1.4\keil\' empty.syscfg"
Using Sysconfig Tool from "C:\user\app\TI\sysconfig\sysconfig_cli.bat"
"Update the file located at <sdk path>/tools/keil/syscfg.bat to use a different version"
Running script...
Validating...
info: TIMA1_IT(/ti/driverlib/TIMER): Peripheral does not retain register contents in STOP or STANDBY modes. User should take care to save and restore register configuration in application. See Retention Configuration section for more details.
info: TIMA0_IT(/ti/driverlib/TIMER): Peripheral does not retain register contents in STOP or STANDBY modes. User should take care to save and restore register configuration in application. See Retention Configuration section for more details.
info: TIMG6_IT(/ti/driverlib/TIMER): Peripheral does not retain register contents in STOP or STANDBY modes. User should take care to save and restore register configuration in application. See Retention Configuration section for more details.
info: UART_3(/ti/driverlib/UART): Peripheral does not retain register contents in STOP or STANDBY modes. User should take care to save and restore register configuration in application. See Retention Configuration section for more details.
Generating Code (empty.syscfg)...
Writing c:\user\app\TI\mspm0_sdk_2_05_01_00\epro_v1.4\ti_msp_dl_config.c...
Writing c:\user\app\TI\mspm0_sdk_2_05_01_00\epro_v1.4\ti_msp_dl_config.h...
Unchanged c:\user\app\TI\mspm0_sdk_2_05_01_00\epro_v1.4\Event.dot...
assembling startup_mspm0g350x_uvision.s...
compiling step_motor.c...
compiling empty.c...
compiling gray.c...
compiling com_jy61p.c...
compiling encoder_motor.c...
compiling hardware_iic.c...
compiling com_lcd.c...
compiling com_k230.c...
compiling board.c...
compiling iic.c...
compiling ti_msp_dl_config.c...
compiling pid.c...
compiling dl_common.c...
compiling dl_crc.c...
compiling dl_adc12.c...
compiling dl_aesadv.c...
compiling dl_crcp.c...
compiling dl_dma.c...
compiling dl_comp.c...
compiling dl_dac12.c...
compiling dl_aes.c...
compiling dl_gpamp.c...
compiling dl_gpio.c...
compiling task.c...
compiling misc_bsp.c...
compiling dl_keystorectl.c...
compiling dl_iwdt.c...
compiling dl_lcd.c...
compiling dl_lfss.c...
compiling dl_mathacl.c...
compiling dl_i2c.c...
compiling dl_opa.c...
compiling dl_rtc.c...
compiling dl_rtc_a.c...
compiling dl_flashctl.c...
compiling dl_rtc_b.c...
compiling dl_tamperio.c...
compiling dl_scratchpad.c...
compiling dl_timera.c...
compiling dl_timerg.c...
compiling dl_spi.c...
compiling dl_trng.c...
compiling dl_rtc_common.c...
compiling dl_vref.c...
compiling dl_wwdt.c...
compiling dl_uart.c...
compiling dl_mcan.c...
compiling dl_timer.c...
linking...
Program Size: Code=15488 RO-data=1204 RW-data=8 ZI-data=17912  
FromELF: creating hex file...
".\Objects\empty_LP_MSPM0G3507_nortos_keil.axf" - 0 Error(s), 0 Warning(s).
Build Time Elapsed:  00:00:06
